[0.257s] Invoking command in '/home/ho/tb3_auto_explore': PYTHONPATH=/home/ho/tb3_auto_explore/build/tb3_auto_explore/prefix_override:/usr/lib/python3/dist-packages/colcon_core/task/python/colcon_distutils_commands:/home/ho/tb3_auto_explore/install/tb3_auto_explore/lib/python3.10/site-packages:${PYTHONPATH} /usr/bin/python3 -W ignore:setup.py install is deprecated -W ignore:easy_install command is deprecated setup.py egg_info --egg-base build/tb3_auto_explore build --build-base /home/ho/tb3_auto_explore/build/tb3_auto_explore/build install --record /home/ho/tb3_auto_explore/build/tb3_auto_explore/install.log --single-version-externally-managed install_data
[0.355s] running egg_info
[0.355s] writing build/tb3_auto_explore/tb3_auto_explore.egg-info/PKG-INFO
[0.355s] writing dependency_links to build/tb3_auto_explore/tb3_auto_explore.egg-info/dependency_links.txt
[0.355s] writing entry points to build/tb3_auto_explore/tb3_auto_explore.egg-info/entry_points.txt
[0.355s] writing requirements to build/tb3_auto_explore/tb3_auto_explore.egg-info/requires.txt
[0.356s] writing top-level names to build/tb3_auto_explore/tb3_auto_explore.egg-info/top_level.txt
[0.356s] reading manifest file 'build/tb3_auto_explore/tb3_auto_explore.egg-info/SOURCES.txt'
[0.357s] writing manifest file 'build/tb3_auto_explore/tb3_auto_explore.egg-info/SOURCES.txt'
[0.357s] running build
[0.357s] running build_py
[0.357s] running install
[0.357s] running install_lib
[0.357s] running install_data
[0.358s] running install_egg_info
[0.358s] removing '/home/ho/tb3_auto_explore/install/tb3_auto_explore/lib/python3.10/site-packages/tb3_auto_explore-0.0.1-py3.10.egg-info' (and everything under it)
[0.358s] Copying build/tb3_auto_explore/tb3_auto_explore.egg-info to /home/ho/tb3_auto_explore/install/tb3_auto_explore/lib/python3.10/site-packages/tb3_auto_explore-0.0.1-py3.10.egg-info
[0.359s] running install_scripts
[0.368s] Installing explore_game2 script to /home/ho/tb3_auto_explore/install/tb3_auto_explore/lib/tb3_auto_explore
[0.368s] Installing frontier_explorer script to /home/ho/tb3_auto_explore/install/tb3_auto_explore/lib/tb3_auto_explore
[0.368s] Installing initial_pose_from_file script to /home/ho/tb3_auto_explore/install/tb3_auto_explore/lib/tb3_auto_explore
[0.368s] writing list of installed files to '/home/ho/tb3_auto_explore/build/tb3_auto_explore/install.log'
[0.384s] Invoked command in '/home/ho/tb3_auto_explore' returned '0': PYTHONPATH=/home/ho/tb3_auto_explore/build/tb3_auto_explore/prefix_override:/usr/lib/python3/dist-packages/colcon_core/task/python/colcon_distutils_commands:/home/ho/tb3_auto_explore/install/tb3_auto_explore/lib/python3.10/site-packages:${PYTHONPATH} /usr/bin/python3 -W ignore:setup.py install is deprecated -W ignore:easy_install command is deprecated setup.py egg_info --egg-base build/tb3_auto_explore build --build-base /home/ho/tb3_auto_explore/build/tb3_auto_explore/build install --record /home/ho/tb3_auto_explore/build/tb3_auto_explore/install.log --single-version-externally-managed install_data
