/home/ho/tb3_auto_explore/install/tb3_auto_explore/lib/python3.10/site-packages/tb3_auto_explore/frontier_explorer.py
/home/ho/tb3_auto_explore/install/tb3_auto_explore/lib/python3.10/site-packages/tb3_auto_explore/explore_game2.py
/home/ho/tb3_auto_explore/install/tb3_auto_explore/lib/python3.10/site-packages/tb3_auto_explore/initial_pose_from_file.py
/home/ho/tb3_auto_explore/install/tb3_auto_explore/lib/python3.10/site-packages/tb3_auto_explore/__init__.py
/home/ho/tb3_auto_explore/install/tb3_auto_explore/lib/python3.10/site-packages/tb3_auto_explore/__pycache__/frontier_explorer.cpython-310.pyc
/home/ho/tb3_auto_explore/install/tb3_auto_explore/lib/python3.10/site-packages/tb3_auto_explore/__pycache__/explore_game2.cpython-310.pyc
/home/ho/tb3_auto_explore/install/tb3_auto_explore/lib/python3.10/site-packages/tb3_auto_explore/__pycache__/initial_pose_from_file.cpython-310.pyc
/home/ho/tb3_auto_explore/install/tb3_auto_explore/lib/python3.10/site-packages/tb3_auto_explore/__pycache__/__init__.cpython-310.pyc
/home/ho/tb3_auto_explore/install/tb3_auto_explore/share/ament_index/resource_index/packages/tb3_auto_explore
/home/ho/tb3_auto_explore/install/tb3_auto_explore/share/tb3_auto_explore/package.xml
/home/ho/tb3_auto_explore/install/tb3_auto_explore/share/tb3_auto_explore/launch/explore_bringup.launch.py
/home/ho/tb3_auto_explore/install/tb3_auto_explore/share/tb3_auto_explore/launch/explore_game2.launch.py
/home/ho/tb3_auto_explore/install/tb3_auto_explore/share/tb3_auto_explore/param/slam_toolbox.yaml
/home/ho/tb3_auto_explore/install/tb3_auto_explore/share/tb3_auto_explore/param/burger.yaml
/home/ho/tb3_auto_explore/install/tb3_auto_explore/share/tb3_auto_explore/config/ekf.yaml
/home/ho/tb3_auto_explore/install/tb3_auto_explore/share/tb3_auto_explore/config/slam_toolbox_loopsafe.yaml
/home/ho/tb3_auto_explore/install/tb3_auto_explore/share/tb3_auto_explore/config/nav2_params.yaml
/home/ho/tb3_auto_explore/install/tb3_auto_explore/share/tb3_auto_explore/config/nav2_explore_tune.yaml
/home/ho/tb3_auto_explore/install/tb3_auto_explore/share/tb3_auto_explore/config/slam_toolbox.yaml
/home/ho/tb3_auto_explore/install/tb3_auto_explore/share/tb3_auto_explore/config/nav2.yaml
/home/ho/tb3_auto_explore/install/tb3_auto_explore/share/tb3_auto_explore/config/blank.yaml
/home/ho/tb3_auto_explore/install/tb3_auto_explore/lib/python3.10/site-packages/tb3_auto_explore-0.0.1-py3.10.egg-info/entry_points.txt
/home/ho/tb3_auto_explore/install/tb3_auto_explore/lib/python3.10/site-packages/tb3_auto_explore-0.0.1-py3.10.egg-info/dependency_links.txt
/home/ho/tb3_auto_explore/install/tb3_auto_explore/lib/python3.10/site-packages/tb3_auto_explore-0.0.1-py3.10.egg-info/top_level.txt
/home/ho/tb3_auto_explore/install/tb3_auto_explore/lib/python3.10/site-packages/tb3_auto_explore-0.0.1-py3.10.egg-info/zip-safe
/home/ho/tb3_auto_explore/install/tb3_auto_explore/lib/python3.10/site-packages/tb3_auto_explore-0.0.1-py3.10.egg-info/requires.txt
/home/ho/tb3_auto_explore/install/tb3_auto_explore/lib/python3.10/site-packages/tb3_auto_explore-0.0.1-py3.10.egg-info/PKG-INFO
/home/ho/tb3_auto_explore/install/tb3_auto_explore/lib/python3.10/site-packages/tb3_auto_explore-0.0.1-py3.10.egg-info/SOURCES.txt
/home/ho/tb3_auto_explore/install/tb3_auto_explore/lib/tb3_auto_explore/explore_game2
/home/ho/tb3_auto_explore/install/tb3_auto_explore/lib/tb3_auto_explore/frontier_explorer
/home/ho/tb3_auto_explore/install/tb3_auto_explore/lib/tb3_auto_explore/initial_pose_from_file
