[0.263s] Invoking command in '/home/ho/tb3_auto_explore': PYTHONPATH=/home/ho/tb3_auto_explore/build/tb3_auto_explore/prefix_override:/usr/lib/python3/dist-packages/colcon_core/task/python/colcon_distutils_commands:/home/ho/tb3_auto_explore/install/tb3_auto_explore/lib/python3.10/site-packages:${PYTHONPATH} /usr/bin/python3 -W ignore:setup.py install is deprecated -W ignore:easy_install command is deprecated setup.py egg_info --egg-base build/tb3_auto_explore build --build-base /home/ho/tb3_auto_explore/build/tb3_auto_explore/build install --record /home/ho/tb3_auto_explore/build/tb3_auto_explore/install.log --single-version-externally-managed install_data
[0.359s] running egg_info
[0.359s] writing build/tb3_auto_explore/tb3_auto_explore.egg-info/PKG-INFO
[0.360s] writing dependency_links to build/tb3_auto_explore/tb3_auto_explore.egg-info/dependency_links.txt
[0.360s] writing entry points to build/tb3_auto_explore/tb3_auto_explore.egg-info/entry_points.txt
[0.360s] writing requirements to build/tb3_auto_explore/tb3_auto_explore.egg-info/requires.txt
[0.360s] writing top-level names to build/tb3_auto_explore/tb3_auto_explore.egg-info/top_level.txt
[0.360s] reading manifest file 'build/tb3_auto_explore/tb3_auto_explore.egg-info/SOURCES.txt'
[0.361s] writing manifest file 'build/tb3_auto_explore/tb3_auto_explore.egg-info/SOURCES.txt'
[0.361s] running build
[0.361s] running build_py
[0.361s] copying tb3_auto_explore/initial_pose_from_file.py -> /home/ho/tb3_auto_explore/build/tb3_auto_explore/build/lib/tb3_auto_explore
[0.361s] running install
[0.361s] running install_lib
[0.361s] copying /home/ho/tb3_auto_explore/build/tb3_auto_explore/build/lib/tb3_auto_explore/initial_pose_from_file.py -> /home/ho/tb3_auto_explore/install/tb3_auto_explore/lib/python3.10/site-packages/tb3_auto_explore
[0.362s] byte-compiling /home/ho/tb3_auto_explore/install/tb3_auto_explore/lib/python3.10/site-packages/tb3_auto_explore/initial_pose_from_file.py to initial_pose_from_file.cpython-310.pyc
[0.362s] running install_data
[0.362s] copying launch/explore_game2.launch.py -> /home/ho/tb3_auto_explore/install/tb3_auto_explore/share/tb3_auto_explore/launch
[0.362s] running install_egg_info
[0.363s] removing '/home/ho/tb3_auto_explore/install/tb3_auto_explore/lib/python3.10/site-packages/tb3_auto_explore-0.0.1-py3.10.egg-info' (and everything under it)
[0.363s] Copying build/tb3_auto_explore/tb3_auto_explore.egg-info to /home/ho/tb3_auto_explore/install/tb3_auto_explore/lib/python3.10/site-packages/tb3_auto_explore-0.0.1-py3.10.egg-info
[0.364s] running install_scripts
[0.373s] Installing explore_game2 script to /home/ho/tb3_auto_explore/install/tb3_auto_explore/lib/tb3_auto_explore
[0.373s] Installing frontier_explorer script to /home/ho/tb3_auto_explore/install/tb3_auto_explore/lib/tb3_auto_explore
[0.373s] Installing initial_pose_from_file script to /home/ho/tb3_auto_explore/install/tb3_auto_explore/lib/tb3_auto_explore
[0.373s] writing list of installed files to '/home/ho/tb3_auto_explore/build/tb3_auto_explore/install.log'
[0.385s] Invoked command in '/home/ho/tb3_auto_explore' returned '0': PYTHONPATH=/home/ho/tb3_auto_explore/build/tb3_auto_explore/prefix_override:/usr/lib/python3/dist-packages/colcon_core/task/python/colcon_distutils_commands:/home/ho/tb3_auto_explore/install/tb3_auto_explore/lib/python3.10/site-packages:${PYTHONPATH} /usr/bin/python3 -W ignore:setup.py install is deprecated -W ignore:easy_install command is deprecated setup.py egg_info --egg-base build/tb3_auto_explore build --build-base /home/ho/tb3_auto_explore/build/tb3_auto_explore/build install --record /home/ho/tb3_auto_explore/build/tb3_auto_explore/install.log --single-version-externally-managed install_data
