[0.266s] Invoking command in '/home/ho/tb3_auto_explore': PYTHONPATH=/home/ho/tb3_auto_explore/build/tb3_auto_explore/prefix_override:/usr/lib/python3/dist-packages/colcon_core/task/python/colcon_distutils_commands:/home/ho/tb3_auto_explore/install/tb3_auto_explore/lib/python3.10/site-packages:${PYTHONPATH} /usr/bin/python3 -W ignore:setup.py install is deprecated -W ignore:easy_install command is deprecated setup.py egg_info --egg-base build/tb3_auto_explore build --build-base /home/ho/tb3_auto_explore/build/tb3_auto_explore/build install --record /home/ho/tb3_auto_explore/build/tb3_auto_explore/install.log --single-version-externally-managed install_data
[0.364s] running egg_info
[0.364s] creating build/tb3_auto_explore/tb3_auto_explore.egg-info
[0.364s] writing build/tb3_auto_explore/tb3_auto_explore.egg-info/PKG-INFO
[0.364s] writing dependency_links to build/tb3_auto_explore/tb3_auto_explore.egg-info/dependency_links.txt
[0.364s] writing entry points to build/tb3_auto_explore/tb3_auto_explore.egg-info/entry_points.txt
[0.364s] writing requirements to build/tb3_auto_explore/tb3_auto_explore.egg-info/requires.txt
[0.364s] writing top-level names to build/tb3_auto_explore/tb3_auto_explore.egg-info/top_level.txt
[0.364s] writing manifest file 'build/tb3_auto_explore/tb3_auto_explore.egg-info/SOURCES.txt'
[0.365s] reading manifest file 'build/tb3_auto_explore/tb3_auto_explore.egg-info/SOURCES.txt'
[0.366s] writing manifest file 'build/tb3_auto_explore/tb3_auto_explore.egg-info/SOURCES.txt'
[0.366s] running build
[0.366s] running build_py
[0.366s] creating /home/ho/tb3_auto_explore/build/tb3_auto_explore/build
[0.366s] creating /home/ho/tb3_auto_explore/build/tb3_auto_explore/build/lib
[0.366s] creating /home/ho/tb3_auto_explore/build/tb3_auto_explore/build/lib/tb3_auto_explore
[0.366s] copying tb3_auto_explore/frontier_explorer.py -> /home/ho/tb3_auto_explore/build/tb3_auto_explore/build/lib/tb3_auto_explore
[0.366s] copying tb3_auto_explore/explore_game2.py -> /home/ho/tb3_auto_explore/build/tb3_auto_explore/build/lib/tb3_auto_explore
[0.366s] copying tb3_auto_explore/initial_pose_from_file.py -> /home/ho/tb3_auto_explore/build/tb3_auto_explore/build/lib/tb3_auto_explore
[0.366s] copying tb3_auto_explore/__init__.py -> /home/ho/tb3_auto_explore/build/tb3_auto_explore/build/lib/tb3_auto_explore
[0.366s] running install
[0.366s] running install_lib
[0.366s] creating /home/ho/tb3_auto_explore/install/tb3_auto_explore/lib/python3.10/site-packages/tb3_auto_explore
[0.366s] copying /home/ho/tb3_auto_explore/build/tb3_auto_explore/build/lib/tb3_auto_explore/frontier_explorer.py -> /home/ho/tb3_auto_explore/install/tb3_auto_explore/lib/python3.10/site-packages/tb3_auto_explore
[0.367s] copying /home/ho/tb3_auto_explore/build/tb3_auto_explore/build/lib/tb3_auto_explore/explore_game2.py -> /home/ho/tb3_auto_explore/install/tb3_auto_explore/lib/python3.10/site-packages/tb3_auto_explore
[0.367s] copying /home/ho/tb3_auto_explore/build/tb3_auto_explore/build/lib/tb3_auto_explore/initial_pose_from_file.py -> /home/ho/tb3_auto_explore/install/tb3_auto_explore/lib/python3.10/site-packages/tb3_auto_explore
[0.367s] copying /home/ho/tb3_auto_explore/build/tb3_auto_explore/build/lib/tb3_auto_explore/__init__.py -> /home/ho/tb3_auto_explore/install/tb3_auto_explore/lib/python3.10/site-packages/tb3_auto_explore
[0.367s] byte-compiling /home/ho/tb3_auto_explore/install/tb3_auto_explore/lib/python3.10/site-packages/tb3_auto_explore/frontier_explorer.py to frontier_explorer.cpython-310.pyc
[0.369s] byte-compiling /home/ho/tb3_auto_explore/install/tb3_auto_explore/lib/python3.10/site-packages/tb3_auto_explore/explore_game2.py to explore_game2.cpython-310.pyc
[0.370s] byte-compiling /home/ho/tb3_auto_explore/install/tb3_auto_explore/lib/python3.10/site-packages/tb3_auto_explore/initial_pose_from_file.py to initial_pose_from_file.cpython-310.pyc
[0.370s] byte-compiling /home/ho/tb3_auto_explore/install/tb3_auto_explore/lib/python3.10/site-packages/tb3_auto_explore/__init__.py to __init__.cpython-310.pyc
[0.370s] running install_data
[0.370s] creating /home/ho/tb3_auto_explore/install/tb3_auto_explore/share/ament_index
[0.370s] creating /home/ho/tb3_auto_explore/install/tb3_auto_explore/share/ament_index/resource_index
[0.370s] creating /home/ho/tb3_auto_explore/install/tb3_auto_explore/share/ament_index/resource_index/packages
[0.370s] copying resource/tb3_auto_explore -> /home/ho/tb3_auto_explore/install/tb3_auto_explore/share/ament_index/resource_index/packages
[0.370s] copying package.xml -> /home/ho/tb3_auto_explore/install/tb3_auto_explore/share/tb3_auto_explore
[0.370s] creating /home/ho/tb3_auto_explore/install/tb3_auto_explore/share/tb3_auto_explore/launch
[0.370s] copying launch/explore_bringup.launch.py -> /home/ho/tb3_auto_explore/install/tb3_auto_explore/share/tb3_auto_explore/launch
[0.370s] copying launch/explore_game2.launch.py -> /home/ho/tb3_auto_explore/install/tb3_auto_explore/share/tb3_auto_explore/launch
[0.370s] creating /home/ho/tb3_auto_explore/install/tb3_auto_explore/share/tb3_auto_explore/param
[0.371s] copying param/slam_toolbox.yaml -> /home/ho/tb3_auto_explore/install/tb3_auto_explore/share/tb3_auto_explore/param
[0.371s] copying param/burger.yaml -> /home/ho/tb3_auto_explore/install/tb3_auto_explore/share/tb3_auto_explore/param
[0.371s] creating /home/ho/tb3_auto_explore/install/tb3_auto_explore/share/tb3_auto_explore/config
[0.371s] copying config/ekf.yaml -> /home/ho/tb3_auto_explore/install/tb3_auto_explore/share/tb3_auto_explore/config
[0.371s] copying config/slam_toolbox_loopsafe.yaml -> /home/ho/tb3_auto_explore/install/tb3_auto_explore/share/tb3_auto_explore/config
[0.371s] copying config/nav2_params.yaml -> /home/ho/tb3_auto_explore/install/tb3_auto_explore/share/tb3_auto_explore/config
[0.371s] copying config/nav2_explore_tune.yaml -> /home/ho/tb3_auto_explore/install/tb3_auto_explore/share/tb3_auto_explore/config
[0.371s] copying config/slam_toolbox.yaml -> /home/ho/tb3_auto_explore/install/tb3_auto_explore/share/tb3_auto_explore/config
[0.371s] copying config/nav2.yaml -> /home/ho/tb3_auto_explore/install/tb3_auto_explore/share/tb3_auto_explore/config
[0.371s] copying config/blank.yaml -> /home/ho/tb3_auto_explore/install/tb3_auto_explore/share/tb3_auto_explore/config
[0.371s] creating /home/ho/tb3_auto_explore/install/tb3_auto_explore/share/tb3_auto_explore/map
[0.371s] copying map/start_pose.txt -> /home/ho/tb3_auto_explore/install/tb3_auto_explore/share/tb3_auto_explore/map
[0.371s] copying map/mission_map.yaml -> /home/ho/tb3_auto_explore/install/tb3_auto_explore/share/tb3_auto_explore/map
[0.371s] copying map/mission_map.pgm -> /home/ho/tb3_auto_explore/install/tb3_auto_explore/share/tb3_auto_explore/map
[0.371s] running install_egg_info
[0.372s] Copying build/tb3_auto_explore/tb3_auto_explore.egg-info to /home/ho/tb3_auto_explore/install/tb3_auto_explore/lib/python3.10/site-packages/tb3_auto_explore-0.0.1-py3.10.egg-info
[0.372s] running install_scripts
[0.381s] Installing explore_game2 script to /home/ho/tb3_auto_explore/install/tb3_auto_explore/lib/tb3_auto_explore
[0.381s] Installing frontier_explorer script to /home/ho/tb3_auto_explore/install/tb3_auto_explore/lib/tb3_auto_explore
[0.381s] writing list of installed files to '/home/ho/tb3_auto_explore/build/tb3_auto_explore/install.log'
[0.394s] Invoked command in '/home/ho/tb3_auto_explore' returned '0': PYTHONPATH=/home/ho/tb3_auto_explore/build/tb3_auto_explore/prefix_override:/usr/lib/python3/dist-packages/colcon_core/task/python/colcon_distutils_commands:/home/ho/tb3_auto_explore/install/tb3_auto_explore/lib/python3.10/site-packages:${PYTHONPATH} /usr/bin/python3 -W ignore:setup.py install is deprecated -W ignore:easy_install command is deprecated setup.py egg_info --egg-base build/tb3_auto_explore build --build-base /home/ho/tb3_auto_explore/build/tb3_auto_explore/build install --record /home/ho/tb3_auto_explore/build/tb3_auto_explore/install.log --single-version-externally-managed install_data
