running develop
running egg_info
writing tb3_auto_explore.egg-info/PKG-INFO
writing dependency_links to tb3_auto_explore.egg-info/dependency_links.txt
writing entry points to tb3_auto_explore.egg-info/entry_points.txt
writing requirements to tb3_auto_explore.egg-info/requires.txt
writing top-level names to tb3_auto_explore.egg-info/top_level.txt
reading manifest file 'tb3_auto_explore.egg-info/SOURCES.txt'
writing manifest file 'tb3_auto_explore.egg-info/SOURCES.txt'
running build_ext
Creating /home/ho/tb3_auto_explore/install/tb3_auto_explore/lib/python3.10/site-packages/tb3-auto-explore.egg-link (link to .)
Installing frontier_explorer script to /home/ho/tb3_auto_explore/install/tb3_auto_explore/lib/tb3_auto_explore

Installed /home/ho/tb3_auto_explore/build/tb3_auto_explore
running symlink_data
creating /home/ho/tb3_auto_explore/install/tb3_auto_explore/share/tb3_auto_explore/param
symbolically linking /home/ho/tb3_auto_explore/build/tb3_auto_explore/param/burger.yaml -> /home/ho/tb3_auto_explore/install/tb3_auto_explore/share/tb3_auto_explore/param
creating /home/ho/tb3_auto_explore/install/tb3_auto_explore/share/tb3_auto_explore/config
symbolically linking /home/ho/tb3_auto_explore/build/tb3_auto_explore/config/ekf.yaml -> /home/ho/tb3_auto_explore/install/tb3_auto_explore/share/tb3_auto_explore/config
symbolically linking /home/ho/tb3_auto_explore/build/tb3_auto_explore/config/slam_toolbox_loopsafe.yaml -> /home/ho/tb3_auto_explore/install/tb3_auto_explore/share/tb3_auto_explore/config
symbolically linking /home/ho/tb3_auto_explore/build/tb3_auto_explore/config/nav2_params.yaml -> /home/ho/tb3_auto_explore/install/tb3_auto_explore/share/tb3_auto_explore/config
symbolically linking /home/ho/tb3_auto_explore/build/tb3_auto_explore/config/nav2_explore_tune.yaml -> /home/ho/tb3_auto_explore/install/tb3_auto_explore/share/tb3_auto_explore/config
symbolically linking /home/ho/tb3_auto_explore/build/tb3_auto_explore/config/slam_toolbox.yaml -> /home/ho/tb3_auto_explore/install/tb3_auto_explore/share/tb3_auto_explore/config
symbolically linking /home/ho/tb3_auto_explore/build/tb3_auto_explore/config/nav2.yaml -> /home/ho/tb3_auto_explore/install/tb3_auto_explore/share/tb3_auto_explore/config
symbolically linking /home/ho/tb3_auto_explore/build/tb3_auto_explore/config/blank.yaml -> /home/ho/tb3_auto_explore/install/tb3_auto_explore/share/tb3_auto_explore/config
